2025-08-08 22:03:40 - Starting mailer invocation.
2025-08-08 22:03:40 - Requesting new access token for tenant: sudha
2025-08-08 22:03:40 - Access token retrieved successfully at 2025-08-08 22:03:40
2025-08-08 22:03:40 - Last processed timestamp (stored UTC): 2025-08-08T22:00:49.176193Z
2025-08-08 22:03:40 - Last processed timestamp (local): 2025-08-09 03:30:49
2025-08-08 22:03:40 - Warning: Stored timestamp is ahead of current time. Resetting to current UTC.
2025-08-08 22:03:40 - Saved last processed timestamp (UTC): 2025-08-08T16:33:40.637925Z
2025-08-08 22:03:40 - Saved last processed timestamp (local): 2025-08-08 22:03:40
2025-08-08 22:03:40 - Using from-date (UTC): 2025-08-08T16:33:40.637925Z
2025-08-08 22:03:40 - Using from-date (Local): 2025-08-08 22:03:40
2025-08-08 22:03:40 - Queried API is called.
2025-08-08 22:03:40 - DEBUG: API call using from-date (UTC): 2025-08-08T16:33:40.637925Z
2025-08-08 22:03:40 - DEBUG: full URI = https://ind.ast.checkmarx.net/api/scans?statuses=Failed,Completed,Partial&from-date=2025-08-08T16:33:40.637925Z
2025-08-08 22:03:40 - List of completed scans fetched successfully. Count: 0
2025-08-08 22:03:40 - Scans fetched successfully. Count: 0
2025-08-08 22:03:40 - No scans found from API. Timestamp will remain unchanged.
2025-08-08 22:03:55 - Starting mailer invocation.
2025-08-08 22:03:55 - Reusing cached access token.
2025-08-08 22:03:55 - Using from-date (UTC): 2025-08-08T16:33:40.637925Z
2025-08-08 22:03:55 - Using from-date (Local): 2025-08-08 22:03:40
2025-08-08 22:03:55 - Queried API is called.
2025-08-08 22:03:55 - DEBUG: API call using from-date (UTC): 2025-08-08T16:33:40.637925Z
2025-08-08 22:03:55 - DEBUG: full URI = https://ind.ast.checkmarx.net/api/scans?statuses=Failed,Completed,Partial&from-date=2025-08-08T16:33:40.637925Z
2025-08-08 22:03:56 - List of completed scans fetched successfully. Count: 0
2025-08-08 22:03:56 - Scans fetched successfully. Count: 0
2025-08-08 22:03:56 - No scans found from API. Timestamp will remain unchanged.
2025-08-08 22:04:11 - Starting mailer invocation.
2025-08-08 22:04:11 - Reusing cached access token.
2025-08-08 22:04:11 - Using from-date (UTC): 2025-08-08T16:33:40.637925Z
2025-08-08 22:04:11 - Using from-date (Local): 2025-08-08 22:03:40
2025-08-08 22:04:11 - Queried API is called.
2025-08-08 22:04:11 - DEBUG: API call using from-date (UTC): 2025-08-08T16:33:40.637925Z
2025-08-08 22:04:11 - DEBUG: full URI = https://ind.ast.checkmarx.net/api/scans?statuses=Failed,Completed,Partial&from-date=2025-08-08T16:33:40.637925Z
2025-08-08 22:04:11 - List of completed scans fetched successfully. Count: 0
2025-08-08 22:04:11 - Scans fetched successfully. Count: 0
2025-08-08 22:04:11 - No scans found from API. Timestamp will remain unchanged.
2025-08-08 22:04:26 - Starting mailer invocation.
2025-08-08 22:04:26 - Reusing cached access token.
2025-08-08 22:04:26 - Using from-date (UTC): 2025-08-08T16:33:40.637925Z
2025-08-08 22:04:26 - Using from-date (Local): 2025-08-08 22:03:40
2025-08-08 22:04:26 - Queried API is called.
2025-08-08 22:04:26 - DEBUG: API call using from-date (UTC): 2025-08-08T16:33:40.637925Z
2025-08-08 22:04:26 - DEBUG: full URI = https://ind.ast.checkmarx.net/api/scans?statuses=Failed,Completed,Partial&from-date=2025-08-08T16:33:40.637925Z
2025-08-08 22:04:26 - List of completed scans fetched successfully. Count: 0
2025-08-08 22:04:26 - Scans fetched successfully. Count: 0
2025-08-08 22:04:26 - No scans found from API. Timestamp will remain unchanged.
2025-08-08 22:04:41 - Starting mailer invocation.
2025-08-08 22:04:41 - Reusing cached access token.
2025-08-08 22:04:41 - Using from-date (UTC): 2025-08-08T16:33:40.637925Z
2025-08-08 22:04:41 - Using from-date (Local): 2025-08-08 22:03:40
2025-08-08 22:04:41 - Queried API is called.
2025-08-08 22:04:41 - DEBUG: API call using from-date (UTC): 2025-08-08T16:33:40.637925Z
2025-08-08 22:04:41 - DEBUG: full URI = https://ind.ast.checkmarx.net/api/scans?statuses=Failed,Completed,Partial&from-date=2025-08-08T16:33:40.637925Z
2025-08-08 22:04:41 - List of completed scans fetched successfully. Count: 0
2025-08-08 22:04:41 - Scans fetched successfully. Count: 0
2025-08-08 22:04:41 - No scans found from API. Timestamp will remain unchanged.
2025-08-08 22:04:56 - Starting mailer invocation.
2025-08-08 22:04:56 - Reusing cached access token.
2025-08-08 22:04:56 - Using from-date (UTC): 2025-08-08T16:33:40.637925Z
2025-08-08 22:04:56 - Using from-date (Local): 2025-08-08 22:03:40
2025-08-08 22:04:56 - Queried API is called.
2025-08-08 22:04:56 - DEBUG: API call using from-date (UTC): 2025-08-08T16:33:40.637925Z
2025-08-08 22:04:56 - DEBUG: full URI = https://ind.ast.checkmarx.net/api/scans?statuses=Failed,Completed,Partial&from-date=2025-08-08T16:33:40.637925Z
2025-08-08 22:04:56 - List of completed scans fetched successfully. Count: 0
2025-08-08 22:04:56 - Scans fetched successfully. Count: 0
2025-08-08 22:04:56 - No scans found from API. Timestamp will remain unchanged.
2025-08-08 22:05:11 - Starting mailer invocation.
2025-08-08 22:05:11 - Reusing cached access token.
2025-08-08 22:05:11 - Using from-date (UTC): 2025-08-08T16:33:40.637925Z
2025-08-08 22:05:11 - Using from-date (Local): 2025-08-08 22:03:40
2025-08-08 22:05:11 - Queried API is called.
2025-08-08 22:05:11 - DEBUG: API call using from-date (UTC): 2025-08-08T16:33:40.637925Z
2025-08-08 22:05:11 - DEBUG: full URI = https://ind.ast.checkmarx.net/api/scans?statuses=Failed,Completed,Partial&from-date=2025-08-08T16:33:40.637925Z
2025-08-08 22:05:11 - List of completed scans fetched successfully. Count: 0
2025-08-08 22:05:11 - Scans fetched successfully. Count: 0
2025-08-08 22:05:11 - No scans found from API. Timestamp will remain unchanged.
2025-08-08 22:05:26 - Starting mailer invocation.
2025-08-08 22:05:26 - Reusing cached access token.
2025-08-08 22:05:26 - Using from-date (UTC): 2025-08-08T16:33:40.637925Z
2025-08-08 22:05:26 - Using from-date (Local): 2025-08-08 22:03:40
2025-08-08 22:05:26 - Queried API is called.
2025-08-08 22:05:26 - DEBUG: API call using from-date (UTC): 2025-08-08T16:33:40.637925Z
2025-08-08 22:05:26 - DEBUG: full URI = https://ind.ast.checkmarx.net/api/scans?statuses=Failed,Completed,Partial&from-date=2025-08-08T16:33:40.637925Z
2025-08-08 22:05:26 - List of completed scans fetched successfully. Count: 1
2025-08-08 22:05:26 - Scans fetched successfully. Count: 
2025-08-08 22:05:26 - Processing Scan ID: 0cf3d85d-23fb-4516-b091-fe86a5d9a5ed
2025-08-08 22:05:26 - Fetching scan details for Scan ID: 0cf3d85d-23fb-4516-b091-fe86a5d9a5ed.
2025-08-08 22:05:26 - Scan details fetched successfully for 0cf3d85d-23fb-4516-b091-fe86a5d9a5ed
2025-08-08 22:05:26 - Sending email with subject: Checkmarx scan 0cf3d85d-23fb-4516-b091-fe86a5d9a5ed completed
2025-08-08 22:05:30 - Email sent successfully.
2025-08-08 22:05:30 - Scan ID: 0cf3d85d-23fb-4516-b091-fe86a5d9a5ed processed successfully.
2025-08-08 22:05:30 - Mailer invocation completed.
2025-08-08 22:05:45 - Starting mailer invocation.
2025-08-08 22:05:45 - Reusing cached access token.
2025-08-08 22:05:45 - Using from-date (UTC): 2025-08-08T16:33:40.637925Z
2025-08-08 22:05:45 - Using from-date (Local): 2025-08-08 22:03:40
2025-08-08 22:05:45 - Queried API is called.
2025-08-08 22:05:45 - DEBUG: API call using from-date (UTC): 2025-08-08T16:33:40.637925Z
2025-08-08 22:05:45 - DEBUG: full URI = https://ind.ast.checkmarx.net/api/scans?statuses=Failed,Completed,Partial&from-date=2025-08-08T16:33:40.637925Z
2025-08-08 22:05:45 - List of completed scans fetched successfully. Count: 2
2025-08-08 22:05:45 - Scans fetched successfully. Count: 2
2025-08-08 22:05:45 - Processing Scan ID: 0cf3d85d-23fb-4516-b091-fe86a5d9a5ed
2025-08-08 22:05:45 - Fetching scan details for Scan ID: 0cf3d85d-23fb-4516-b091-fe86a5d9a5ed.
2025-08-08 22:05:45 - Scan details fetched successfully for 0cf3d85d-23fb-4516-b091-fe86a5d9a5ed
2025-08-08 22:05:45 - Sending email with subject: Checkmarx scan 0cf3d85d-23fb-4516-b091-fe86a5d9a5ed completed
2025-08-08 22:05:49 - Email sent successfully.
2025-08-08 22:05:49 - Scan ID: 0cf3d85d-23fb-4516-b091-fe86a5d9a5ed processed successfully.
2025-08-08 22:05:49 - Processing Scan ID: a1246af8-6e1f-4d64-abf0-e45ad524d541
2025-08-08 22:05:49 - Fetching scan details for Scan ID: a1246af8-6e1f-4d64-abf0-e45ad524d541.
2025-08-08 22:05:49 - Scan details fetched successfully for a1246af8-6e1f-4d64-abf0-e45ad524d541
2025-08-08 22:05:49 - Sending email with subject: Checkmarx scan a1246af8-6e1f-4d64-abf0-e45ad524d541 completed
2025-08-08 22:05:53 - Email sent successfully.
2025-08-08 22:05:53 - Scan ID: a1246af8-6e1f-4d64-abf0-e45ad524d541 processed successfully.
2025-08-08 22:05:53 - Latest scan time (UTC to save): 2025-08-08T16:35:53.538460Z
2025-08-08 22:05:53 - Latest scan time (local): 2025-08-08 22:05:53
2025-08-08 22:05:53 - Saved last processed timestamp (UTC): 2025-08-08T16:35:53.538460Z
2025-08-08 22:05:53 - Saved last processed timestamp (local): 2025-08-08 22:05:53
2025-08-08 22:05:53 - Mailer invocation completed.
2025-08-08 22:06:08 - Starting mailer invocation.
2025-08-08 22:06:08 - Reusing cached access token.
2025-08-08 22:06:08 - Using from-date (UTC): 2025-08-08T16:35:53.538460Z
2025-08-08 22:06:08 - Using from-date (Local): 2025-08-08 22:05:53
2025-08-08 22:06:08 - Queried API is called.
2025-08-08 22:06:08 - DEBUG: API call using from-date (UTC): 2025-08-08T16:35:53.538460Z
2025-08-08 22:06:08 - DEBUG: full URI = https://ind.ast.checkmarx.net/api/scans?statuses=Failed,Completed,Partial&from-date=2025-08-08T16:35:53.538460Z
2025-08-08 22:06:08 - List of completed scans fetched successfully. Count: 0
2025-08-08 22:06:08 - Scans fetched successfully. Count: 0
2025-08-08 22:06:08 - No scans found from API. Timestamp will remain unchanged.
